2024-09-20 07:50:55 [TestNG-tests-1] INFO  api.test.UserTest - *********Creating User*********
2024-09-20 07:50:58 [TestNG-tests-1] INFO  api.test.UserTest - *********User Created*********
2024-09-20 07:50:58 [TestNG-tests-1] INFO  api.test.UserTest - *********Get User*********
2024-09-20 07:50:59 [TestNG-tests-1] INFO  api.test.UserTest - *********User Found*********
2024-09-20 07:50:59 [TestNG-tests-1] INFO  api.test.UserTest - *********Updating User*********
2024-09-20 07:51:02 [TestNG-tests-1] INFO  api.test.UserTest - *********User Updated*********
2024-09-20 07:51:02 [TestNG-tests-1] INFO  api.test.UserTest - *********Deleting User*********
2024-09-20 07:51:03 [TestNG-tests-1] INFO  api.test.UserTest - *********User Deleted*********
2024-09-20 08:01:43 [TestNG-tests-1] INFO  api.test.UserTest - *********Creating User*********
2024-09-20 08:01:43 [TestNG-tests-1] INFO  api.test.UserTest - *********Creating User*********
2024-09-20 08:01:46 [TestNG-tests-1] INFO  api.test.UserTest - *********User Created*********
2024-09-20 08:01:46 [TestNG-tests-1] INFO  api.test.UserTest - *********User Created*********
2024-09-20 08:01:46 [TestNG-tests-1] INFO  api.test.UserTest - *********Get User*********
2024-09-20 08:01:46 [TestNG-tests-1] INFO  api.test.UserTest - *********Get User*********
2024-09-20 08:01:47 [TestNG-tests-1] INFO  api.test.UserTest - *********User Found*********
2024-09-20 08:01:47 [TestNG-tests-1] INFO  api.test.UserTest - *********User Found*********
2024-09-20 08:01:47 [TestNG-tests-1] INFO  api.test.UserTest - *********Updating User*********
2024-09-20 08:01:47 [TestNG-tests-1] INFO  api.test.UserTest - *********Updating User*********
2024-09-20 08:01:50 [TestNG-tests-1] INFO  api.test.UserTest - *********User Updated*********
2024-09-20 08:01:50 [TestNG-tests-1] INFO  api.test.UserTest - *********User Updated*********
2024-09-20 08:01:50 [TestNG-tests-1] INFO  api.test.UserTest - *********Deleting User*********
2024-09-20 08:01:50 [TestNG-tests-1] INFO  api.test.UserTest - *********Deleting User*********
2024-09-20 08:01:51 [TestNG-tests-1] INFO  api.test.UserTest - *********User Deleted*********
2024-09-20 08:01:51 [TestNG-tests-1] INFO  api.test.UserTest - *********User Deleted*********
2024-09-22 16:54:01 [TestNG-tests-1] INFO  api.test.UserPropertiesTest - *********Creating User*********
2024-09-22 16:54:03 [TestNG-tests-1] INFO  api.test.UserPropertiesTest - *********Get User*********
2024-09-22 16:54:03 [TestNG-tests-1] INFO  api.test.UserPropertiesTest - *********Updating User*********
2024-09-22 16:54:03 [TestNG-tests-1] INFO  api.test.UserPropertiesTest - *********Deleting User*********
2024-09-22 16:57:01 [TestNG-tests-1] INFO  api.test.UserPropertiesTest - *********Creating User*********
2024-09-22 16:57:04 [TestNG-tests-1] INFO  api.test.UserPropertiesTest - *********User Created*********
2024-09-22 16:57:04 [TestNG-tests-1] INFO  api.test.UserPropertiesTest - *********Get User*********
2024-09-22 16:57:06 [TestNG-tests-1] INFO  api.test.UserPropertiesTest - *********User Found*********
2024-09-22 16:57:06 [TestNG-tests-1] INFO  api.test.UserPropertiesTest - *********Updating User*********
2024-09-22 16:57:08 [TestNG-tests-1] INFO  api.test.UserPropertiesTest - *********User Updated*********
2024-09-22 16:57:08 [TestNG-tests-1] INFO  api.test.UserPropertiesTest - *********Deleting User*********
2024-09-22 16:57:09 [TestNG-tests-1] INFO  api.test.UserPropertiesTest - *********User Deleted*********
